<?xml version="1.0" encoding="UTF-8"?>
<!-- Generated by org.testng.reporters.JUnitReportReporter -->
<testsuite hostname="LAPTOP-GGEIM9T5" failures="0" tests="1" name="com.Challege1.mavenProject.ProjectRun" time="4.229" errors="0" timestamp="2022-11-29T11:25:44 IST" skipped="0">
  <testcase classname="com.Challege1.mavenProject.ProjectRun" name="load" time="4.229"/>
  <system-out/>
</testsuite> <!-- com.Challege1.mavenProject.ProjectRun -->
