<?xml version="1.0" encoding="UTF-8"?>
<!-- Generated by org.testng.reporters.JUnitReportReporter -->
<testsuite hostname="LAPTOP-GGEIM9T5" failures="0" tests="1" name="com.Challege1.mavenProject.App" time="1.075" errors="0" timestamp="2022-11-13T14:44:21 IST" skipped="0">
  <testcase classname="com.Challege1.mavenProject.App" name="login" time="1.075"/>
  <system-out/>
</testsuite> <!-- com.Challege1.mavenProject.App -->
